<?xml version="1.0" encoding="UTF-8"?>
<!-- Generated by org.testng.reporters.JUnitReportReporter -->
<testsuite skipped="0" hostname="DESKTOP-R4SI2TC" name="rest.apiOne.testPackage.GET_JSONPlaceHolderComment_Test" tests="1" failures="0" timestamp="2022-11-08T19:35:34 EST" time="3.929" errors="0">
  <testcase name="getCommentWithParameterTest" time="3.929" classname="rest.apiOne.testPackage.GET_JSONPlaceHolderComment_Test"/>
  <system-out/>
</testsuite> <!-- rest.apiOne.testPackage.GET_JSONPlaceHolderComment_Test -->
