<?xml version="1.0" encoding="UTF-8"?>
<!-- Generated by org.testng.reporters.JUnitReportReporter -->
<testsuite skipped="1" hostname="DESKTOP-R4SI2TC" name="rest.apiOne.testPackage.PUT_JSONPlaceHolderPost_Test" tests="2" failures="0" timestamp="2022-11-08T23:15:50 EST" time="5.523" errors="0">
  <testcase name="putCall2" time="5.523" classname="rest.apiOne.testPackage.PUT_JSONPlaceHolderPost_Test"/>
  <system-out/>
  <testcase name="putCall" classname="rest.apiOne.testPackage.PUT_JSONPlaceHolderPost_Test">
    <skipped/>
  </testcase> <!-- putCall -->
  <system-out/>
</testsuite> <!-- rest.apiOne.testPackage.PUT_JSONPlaceHolderPost_Test -->
