<?xml version="1.0" encoding="UTF-8"?>
<!-- Generated by org.testng.reporters.JUnitReportReporter -->
<testsuite skipped="9" hostname="DESKTOP-R4SI2TC" name="rest.apiOne.testPackage.POST_JSONplaceHolderPost_Test" tests="10" failures="0" timestamp="2022-11-07T23:37:53 EST" time="3.789" errors="0">
  <testcase name="postTestWithConfig" time="3.789" classname="rest.apiOne.testPackage.POST_JSONplaceHolderPost_Test"/>
  <system-out/>
  <testcase name="postWithNegativeTestWithIncorrectUrl" classname="rest.apiOne.testPackage.POST_JSONplaceHolderPost_Test">
    <skipped/>
  </testcase> <!-- postWithNegativeTestWithIncorrectUrl -->
  <system-out/>
  <testcase name="postWithFileExtractResponse" classname="rest.apiOne.testPackage.POST_JSONplaceHolderPost_Test">
    <skipped/>
  </testcase> <!-- postWithFileExtractResponse -->
  <system-out/>
  <testcase name="postTestPrint" classname="rest.apiOne.testPackage.POST_JSONplaceHolderPost_Test">
    <skipped/>
  </testcase> <!-- postTestPrint -->
  <system-out/>
  <testcase name="postWithFileFailedTest" classname="rest.apiOne.testPackage.POST_JSONplaceHolderPost_Test">
    <skipped/>
  </testcase> <!-- postWithFileFailedTest -->
  <system-out/>
  <testcase name="postWithFileValidation" classname="rest.apiOne.testPackage.POST_JSONplaceHolderPost_Test">
    <skipped/>
  </testcase> <!-- postWithFileValidation -->
  <system-out/>
  <testcase name="postTestLog" classname="rest.apiOne.testPackage.POST_JSONplaceHolderPost_Test">
    <skipped/>
  </testcase> <!-- postTestLog -->
  <system-out/>
  <testcase name="postWithJsonFile" classname="rest.apiOne.testPackage.POST_JSONplaceHolderPost_Test">
    <skipped/>
  </testcase> <!-- postWithJsonFile -->
  <system-out/>
  <testcase name="postWithNegativeTestWithIncorrectMethod" classname="rest.apiOne.testPackage.POST_JSONplaceHolderPost_Test">
    <skipped/>
  </testcase> <!-- postWithNegativeTestWithIncorrectMethod -->
  <system-out/>
  <testcase name="postWithJsonInputStream" classname="rest.apiOne.testPackage.POST_JSONplaceHolderPost_Test">
    <skipped/>
  </testcase> <!-- postWithJsonInputStream -->
  <system-out/>
</testsuite> <!-- rest.apiOne.testPackage.POST_JSONplaceHolderPost_Test -->
