<?xml version="1.0" encoding="UTF-8"?>
<!-- Generated by org.testng.reporters.JUnitReportReporter -->
<testsuite skipped="11" hostname="DESKTOP-R4SI2TC" name="rest.apiOne.testPackage.GET_JSONplaceHolderPost_Test" tests="12" failures="0" timestamp="2022-11-08T22:10:10 EST" time="4.019" errors="0">
  <testcase name="jsonPathSingleEntity" time="4.019" classname="rest.apiOne.testPackage.GET_JSONplaceHolderPost_Test"/>
  <system-out/>
  <testcase name="printResponse" classname="rest.apiOne.testPackage.GET_JSONplaceHolderPost_Test">
    <skipped/>
  </testcase> <!-- printResponse -->
  <system-out/>
  <testcase name="assertAHeader" classname="rest.apiOne.testPackage.GET_JSONplaceHolderPost_Test">
    <skipped/>
  </testcase> <!-- assertAHeader -->
  <system-out/>
  <testcase name="assertShortQuilting" classname="rest.apiOne.testPackage.GET_JSONplaceHolderPost_Test">
    <skipped/>
  </testcase> <!-- assertShortQuilting -->
  <system-out/>
  <testcase name="jsonPathList" classname="rest.apiOne.testPackage.GET_JSONplaceHolderPost_Test">
    <skipped/>
  </testcase> <!-- jsonPathList -->
  <system-out/>
  <testcase name="assertContentType" classname="rest.apiOne.testPackage.GET_JSONplaceHolderPost_Test">
    <skipped/>
  </testcase> <!-- assertContentType -->
  <system-out/>
  <testcase name="printHeaders" classname="rest.apiOne.testPackage.GET_JSONplaceHolderPost_Test">
    <skipped/>
  </testcase> <!-- printHeaders -->
  <system-out/>
  <testcase name="logRequestResposne" classname="rest.apiOne.testPackage.GET_JSONplaceHolderPost_Test">
    <skipped/>
  </testcase> <!-- logRequestResposne -->
  <system-out/>
  <testcase name="printHeader" classname="rest.apiOne.testPackage.GET_JSONplaceHolderPost_Test">
    <skipped/>
  </testcase> <!-- printHeader -->
  <system-out/>
  <testcase name="assertQuilting" classname="rest.apiOne.testPackage.GET_JSONplaceHolderPost_Test">
    <skipped/>
  </testcase> <!-- assertQuilting -->
  <system-out/>
  <testcase name="assertion" classname="rest.apiOne.testPackage.GET_JSONplaceHolderPost_Test">
    <skipped/>
  </testcase> <!-- assertion -->
  <system-out/>
  <testcase name="assertStatusCode" classname="rest.apiOne.testPackage.GET_JSONplaceHolderPost_Test">
    <skipped/>
  </testcase> <!-- assertStatusCode -->
  <system-out/>
</testsuite> <!-- rest.apiOne.testPackage.GET_JSONplaceHolderPost_Test -->
